<?xml version="1.0" encoding="UTF-8"?>
<!-- Generated by org.testng.reporters.JUnitXMLReporter -->
<testsuite hostname="MININT-1TH8HFR" ignored="4" name="automationtestingpractice test" tests="7" failures="0" timestamp="16 Sep 2019 05:58:29 GMT" time="36.173" errors="0">
  <testcase name="Title_Verification" time="4.429" classname="com.atp.testcases.TC_001_Shop_verify"/>
  <testcase name="count_slides" time="3.088" classname="com.atp.testcases.TC_001_Shop_verify"/>
  <testcase name="Additem" time="2.811" classname="com.atp.testcases.TC_002_Addtocart"/>
  <testcase name="Addbasket" time="2.7" classname="com.atp.testcases.TC_002_Addtocart"/>
  <testcase name="imageclick" time="0.11" classname="com.atp.testcases.TC_002_Addtocart"/>
  <testcase name="popup" time="10.183" classname="com.atp.testcases.TC_002_Addtocart"/>
  <testcase name="Basket" time="12.831" classname="com.atp.testcases.TC_003_ViewBasket"/>
  <testcase name="@BeforeSuite setUp" time="0.0" classname="com.atp.testcases.BaseClass">
    <ignored/>
  </testcase> <!-- @BeforeSuite setUp -->
  <testcase name="@BeforeSuite setUp" time="0.0" classname="com.atp.testcases.BaseClass">
    <ignored/>
  </testcase> <!-- @BeforeSuite setUp -->
  <testcase name="@AfterSuite tearDown" time="0.0" classname="com.atp.testcases.BaseClass">
    <ignored/>
  </testcase> <!-- @AfterSuite tearDown -->
  <testcase name="@AfterSuite tearDown" time="0.0" classname="com.atp.testcases.BaseClass">
    <ignored/>
  </testcase> <!-- @AfterSuite tearDown -->
</testsuite> <!-- automationtestingpractice test -->
