<?xml version="1.0" encoding="UTF-8"?>
<!-- Generated by org.testng.reporters.JUnitXMLReporter -->
<testsuite hostname="MININT-1TH8HFR" ignored="10" name="Default test" tests="9" failures="0" timestamp="19 Sep 2019 11:13:25 GMT" time="42.111" errors="0">
  <testcase name="Title_Verification" time="4.7" classname="com.atp.testcases.TC_001_Shop_verify"/>
  <testcase name="count_slides" time="4.545" classname="com.atp.testcases.TC_001_Shop_verify"/>
  <testcase name="Additem" time="2.524" classname="com.atp.testcases.TC_002_Addtocart"/>
  <testcase name="Addbasket" time="3.093" classname="com.atp.testcases.TC_002_Addtocart"/>
  <testcase name="imageclick" time="0.118" classname="com.atp.testcases.TC_002_Addtocart"/>
  <testcase name="popup" time="10.217" classname="com.atp.testcases.TC_002_Addtocart"/>
  <testcase name="Basket" time="12.901" classname="com.atp.testcases.TC_003_ViewBasket"/>
  <testcase name="checkoutpage" time="2.563" classname="com.atp.testcases.TC_004_Checkout"/>
  <testcase name="ShippinDetails" time="0.795" classname="com.atp.testcases.TC_005_ShippingAddress"/>
  <testcase name="@BeforeSuite setUp" time="0.0" classname="com.atp.testcases.BaseClass">
    <ignored/>
  </testcase> <!-- @BeforeSuite setUp -->
  <testcase name="@BeforeSuite setUp" time="0.0" classname="com.atp.testcases.BaseClass">
    <ignored/>
  </testcase> <!-- @BeforeSuite setUp -->
  <testcase name="@BeforeSuite setUp" time="0.0" classname="com.atp.testcases.BaseClass">
    <ignored/>
  </testcase> <!-- @BeforeSuite setUp -->
  <testcase name="@BeforeSuite setUp" time="0.0" classname="com.atp.testcases.BaseClass">
    <ignored/>
  </testcase> <!-- @BeforeSuite setUp -->
  <testcase name="@BeforeSuite setUp" time="0.0" classname="com.atp.testcases.BaseClass">
    <ignored/>
  </testcase> <!-- @BeforeSuite setUp -->
  <testcase name="@AfterSuite tearDown" time="0.0" classname="com.atp.testcases.BaseClass">
    <ignored/>
  </testcase> <!-- @AfterSuite tearDown -->
  <testcase name="@AfterSuite tearDown" time="0.0" classname="com.atp.testcases.BaseClass">
    <ignored/>
  </testcase> <!-- @AfterSuite tearDown -->
  <testcase name="@AfterSuite tearDown" time="0.0" classname="com.atp.testcases.BaseClass">
    <ignored/>
  </testcase> <!-- @AfterSuite tearDown -->
  <testcase name="@AfterSuite tearDown" time="0.0" classname="com.atp.testcases.BaseClass">
    <ignored/>
  </testcase> <!-- @AfterSuite tearDown -->
  <testcase name="@AfterSuite tearDown" time="0.0" classname="com.atp.testcases.BaseClass">
    <ignored/>
  </testcase> <!-- @AfterSuite tearDown -->
</testsuite> <!-- Default test -->
