<?xml version="1.0" encoding="UTF-8"?>
<!-- Generated by org.testng.reporters.JUnitXMLReporter -->
<testsuite hostname="MININT-1TH8HFR" ignored="11" name="Default test" tests="8" failures="0" timestamp="19 Sep 2019 05:43:56 GMT" time="36.673" errors="0">
  <testcase name="Title_Verification" time="3.362" classname="com.atp.testcases.TC_001_Shop_verify"/>
  <testcase name="count_slides" time="2.829" classname="com.atp.testcases.TC_001_Shop_verify"/>
  <testcase name="Additem" time="2.674" classname="com.atp.testcases.TC_002_Addtocart"/>
  <testcase name="Addbasket" time="2.344" classname="com.atp.testcases.TC_002_Addtocart"/>
  <testcase name="imageclick" time="0.077" classname="com.atp.testcases.TC_002_Addtocart"/>
  <testcase name="popup" time="10.201" classname="com.atp.testcases.TC_002_Addtocart"/>
  <testcase name="Basket" time="12.593" classname="com.atp.testcases.TC_003_ViewBasket"/>
  <testcase name="checkoutpage" time="2.552" classname="com.atp.testcases.TC_004_Checkout"/>
  <testcase name="ShippinDetails" time="0.0" classname="com.atp.testcases.TC_005_ShippingAddress">
    <ignored/>
  </testcase> <!-- ShippinDetails -->
  <testcase name="@BeforeSuite setUp" time="0.0" classname="com.atp.testcases.BaseClass">
    <ignored/>
  </testcase> <!-- @BeforeSuite setUp -->
  <testcase name="@BeforeSuite setUp" time="0.0" classname="com.atp.testcases.BaseClass">
    <ignored/>
  </testcase> <!-- @BeforeSuite setUp -->
  <testcase name="@BeforeSuite setUp" time="0.0" classname="com.atp.testcases.BaseClass">
    <ignored/>
  </testcase> <!-- @BeforeSuite setUp -->
  <testcase name="@BeforeSuite setUp" time="0.0" classname="com.atp.testcases.BaseClass">
    <ignored/>
  </testcase> <!-- @BeforeSuite setUp -->
  <testcase name="@BeforeSuite setUp" time="0.0" classname="com.atp.testcases.BaseClass">
    <ignored/>
  </testcase> <!-- @BeforeSuite setUp -->
  <testcase name="@AfterSuite tearDown" time="0.0" classname="com.atp.testcases.BaseClass">
    <ignored/>
  </testcase> <!-- @AfterSuite tearDown -->
  <testcase name="@AfterSuite tearDown" time="0.0" classname="com.atp.testcases.BaseClass">
    <ignored/>
  </testcase> <!-- @AfterSuite tearDown -->
  <testcase name="@AfterSuite tearDown" time="0.0" classname="com.atp.testcases.BaseClass">
    <ignored/>
  </testcase> <!-- @AfterSuite tearDown -->
  <testcase name="@AfterSuite tearDown" time="0.0" classname="com.atp.testcases.BaseClass">
    <ignored/>
  </testcase> <!-- @AfterSuite tearDown -->
  <testcase name="@AfterSuite tearDown" time="0.0" classname="com.atp.testcases.BaseClass">
    <ignored/>
  </testcase> <!-- @AfterSuite tearDown -->
</testsuite> <!-- Default test -->
