<?xml version="1.0" encoding="UTF-8"?>
<!-- Generated by org.testng.reporters.JUnitXMLReporter -->
<testsuite hostname="MININT-1TH8HFR" ignored="4" name="automationtestingpractice test on chrome" tests="7" failures="0" timestamp="18 Sep 2019 06:15:01 GMT" time="0.026" errors="0">
  <testcase name="Title_Verification" time="0.0" classname="com.atp.testcases.TC_001_Shop_verify">
    <skipped/>
  </testcase> <!-- Title_Verification -->
  <testcase name="count_slides" time="0.0" classname="com.atp.testcases.TC_001_Shop_verify">
    <skipped/>
  </testcase> <!-- count_slides -->
  <testcase name="Additem" time="0.0" classname="com.atp.testcases.TC_002_Addtocart">
    <skipped/>
  </testcase> <!-- Additem -->
  <testcase name="Addbasket" time="0.0" classname="com.atp.testcases.TC_002_Addtocart">
    <skipped/>
  </testcase> <!-- Addbasket -->
  <testcase name="imageclick" time="0.0" classname="com.atp.testcases.TC_002_Addtocart">
    <skipped/>
  </testcase> <!-- imageclick -->
  <testcase name="popup" time="0.0" classname="com.atp.testcases.TC_002_Addtocart">
    <skipped/>
  </testcase> <!-- popup -->
  <testcase name="Basket" time="0.0" classname="com.atp.testcases.TC_003_ViewBasket">
    <skipped/>
  </testcase> <!-- Basket -->
  <testcase name="@BeforeSuite setUp" time="0.0" classname="com.atp.testcases.BaseClass">
    <ignored/>
  </testcase> <!-- @BeforeSuite setUp -->
  <testcase name="@BeforeSuite setUp" time="0.0" classname="com.atp.testcases.BaseClass">
    <ignored/>
  </testcase> <!-- @BeforeSuite setUp -->
  <testcase name="@AfterSuite tearDown" time="0.0" classname="com.atp.testcases.BaseClass">
    <ignored/>
  </testcase> <!-- @AfterSuite tearDown -->
  <testcase name="@AfterSuite tearDown" time="0.0" classname="com.atp.testcases.BaseClass">
    <ignored/>
  </testcase> <!-- @AfterSuite tearDown -->
</testsuite> <!-- automationtestingpractice test on chrome -->
