<?xml version="1.0" encoding="UTF-8"?>
<!-- Generated by org.testng.reporters.JUnitXMLReporter -->
<testsuite hostname="MININT-1TH8HFR" ignored="4" name="Test" tests="3" failures="0" timestamp="05 Sep 2019 09:59:05 GMT" time="11.007" errors="0">
  <testcase name="Title_Verification" time="4.391" classname="com.atp.testcases.TC_001_Shop_verify"/>
  <testcase name="count_slides" time="4.128" classname="com.atp.testcases.TC_001_Shop_verify"/>
  <testcase name="Additem" time="2.46" classname="com.atp.testcases.TC_002_Addtocart"/>
  <testcase name="@BeforeSuite setUp" time="0.0" classname="com.atp.testcases.BaseClass">
    <ignored/>
  </testcase> <!-- @BeforeSuite setUp -->
  <testcase name="@BeforeSuite setUp" time="0.0" classname="com.atp.testcases.BaseClass">
    <ignored/>
  </testcase> <!-- @BeforeSuite setUp -->
  <testcase name="@AfterSuite tearDown" time="0.0" classname="com.atp.testcases.BaseClass">
    <ignored/>
  </testcase> <!-- @AfterSuite tearDown -->
  <testcase name="@AfterSuite tearDown" time="0.0" classname="com.atp.testcases.BaseClass">
    <ignored/>
  </testcase> <!-- @AfterSuite tearDown -->
</testsuite> <!-- Test -->
