<?xml version="1.0" encoding="UTF-8"?>
<!-- Generated by org.testng.reporters.JUnitXMLReporter -->
<testsuite hostname="MININT-1TH8HFR" ignored="9" name="automationpractise test" tests="8" failures="0" timestamp="19 Sep 2019 05:07:04 GMT" time="40.455" errors="0">
  <testcase name="Title_Verification" time="3.728" classname="com.atp.testcases.TC_001_Shop_verify"/>
  <testcase name="count_slides" time="4.063" classname="com.atp.testcases.TC_001_Shop_verify"/>
  <testcase name="Additem" time="3.224" classname="com.atp.testcases.TC_002_Addtocart"/>
  <testcase name="Addbasket" time="3.066" classname="com.atp.testcases.TC_002_Addtocart"/>
  <testcase name="imageclick" time="0.101" classname="com.atp.testcases.TC_002_Addtocart"/>
  <testcase name="popup" time="10.215" classname="com.atp.testcases.TC_002_Addtocart"/>
  <testcase name="Basket" time="13.223" classname="com.atp.testcases.TC_003_ViewBasket"/>
  <testcase name="checkoutpage" time="2.799" classname="com.atp.testcases.TC_004_Checkout"/>
  <testcase name="ShippinDetails" time="0.0" classname="com.atp.testcases.TC_005_ShippingAddress">
    <ignored/>
  </testcase> <!-- ShippinDetails -->
  <testcase name="@BeforeSuite setUp" time="0.0" classname="com.atp.testcases.BaseClass">
    <ignored/>
  </testcase> <!-- @BeforeSuite setUp -->
  <testcase name="@BeforeSuite setUp" time="0.0" classname="com.atp.testcases.BaseClass">
    <ignored/>
  </testcase> <!-- @BeforeSuite setUp -->
  <testcase name="@BeforeSuite setUp" time="0.0" classname="com.atp.testcases.BaseClass">
    <ignored/>
  </testcase> <!-- @BeforeSuite setUp -->
  <testcase name="@BeforeSuite setUp" time="0.0" classname="com.atp.testcases.BaseClass">
    <ignored/>
  </testcase> <!-- @BeforeSuite setUp -->
  <testcase name="@AfterSuite tearDown" time="0.0" classname="com.atp.testcases.BaseClass">
    <ignored/>
  </testcase> <!-- @AfterSuite tearDown -->
  <testcase name="@AfterSuite tearDown" time="0.0" classname="com.atp.testcases.BaseClass">
    <ignored/>
  </testcase> <!-- @AfterSuite tearDown -->
  <testcase name="@AfterSuite tearDown" time="0.0" classname="com.atp.testcases.BaseClass">
    <ignored/>
  </testcase> <!-- @AfterSuite tearDown -->
  <testcase name="@AfterSuite tearDown" time="0.0" classname="com.atp.testcases.BaseClass">
    <ignored/>
  </testcase> <!-- @AfterSuite tearDown -->
</testsuite> <!-- automationpractise test -->
