<?xml version="1.0" encoding="UTF-8"?>
<testsuite xmlns:xsi="http://www.w3.org/2001/XMLSchema-instance" xsi:schemaLocation="https://maven.apache.org/surefire/maven-surefire-plugin/xsd/surefire-test-report.xsd" name="TestSuite" time="71.283" tests="9" errors="0" skipped="0" failures="0">
  <properties>
[...]
</properties>
  <testcase name="Title_Verification" classname="com.atp.testcases.TC_001_Shop_verify" time="3.51"/>
  <testcase name="count_slides" classname="com.atp.testcases.TC_001_Shop_verify" time="3.479"/>
  <testcase name="Additem" classname="com.atp.testcases.TC_002_Addtocart" time="4.054"/>
  <testcase name="Addbasket" classname="com.atp.testcases.TC_002_Addtocart" time="2.657"/>
  <testcase name="imageclick" classname="com.atp.testcases.TC_002_Addtocart" time="0.098"/>
  <testcase name="popup" classname="com.atp.testcases.TC_002_Addtocart" time="10.189"/>
  <testcase name="Basket" classname="com.atp.testcases.TC_003_ViewBasket" time="13.299"/>
  <testcase name="checkoutpage" classname="com.atp.testcases.TC_004_Checkout" time="2.868"/>
  <testcase name="ShippinDetails" classname="com.atp.testcases.TC_005_ShippingAddress" time="8.03"/>
</testsuite>