<?xml version="1.0" encoding="UTF-8"?>
<testng-results skipped="0" failed="0" ignored="8" total="17" passed="9">
  <reporter-output>
  </reporter-output>
  <suite name="Automationpractise" duration-ms="48923" started-at="2019-09-30T09:08:15Z" finished-at="2019-09-30T09:09:04Z">
    <groups>
    </groups>
    <test name="automationpractise test" duration-ms="48923" started-at="2019-09-30T09:08:15Z" finished-at="2019-09-30T09:09:04Z">
      <class name="com.atp.testcases.TC_004_Checkout">
        <test-method status="PASS" signature="checkoutpage()[pri:8, instance:com.atp.testcases.TC_004_Checkout@54a097cc]" name="checkoutpage" duration-ms="2867" started-at="2019-09-30T14:38:53Z" finished-at="2019-09-30T14:38:56Z">
          <reporter-output>
          </reporter-output>
        </test-method> <!-- checkoutpage -->
      </class> <!-- com.atp.testcases.TC_004_Checkout -->
      <class name="com.atp.testcases.TC_003_ViewBasket">
        <test-method status="PASS" signature="Basket()[pri:7, instance:com.atp.testcases.TC_003_ViewBasket@7225790e]" name="Basket" duration-ms="13298" started-at="2019-09-30T14:38:40Z" finished-at="2019-09-30T14:38:53Z">
          <reporter-output>
          </reporter-output>
        </test-method> <!-- Basket -->
      </class> <!-- com.atp.testcases.TC_003_ViewBasket -->
      <class name="com.atp.testcases.TC_005_ShippingAddress">
        <test-method status="PASS" signature="ShippinDetails(java.lang.String, java.lang.String, java.lang.String, java.lang.String, java.lang.String, java.lang.String, java.lang.String)[pri:9, instance:com.atp.testcases.TC_005_ShippingAddress@36f6e879]" name="ShippinDetails" duration-ms="8030" started-at="2019-09-30T14:38:56Z" data-provider="registerdata" finished-at="2019-09-30T14:39:04Z">
          <params>
            <param index="0">
              <value>
                <![CDATA[PURNA]]>
              </value>
            </param>
            <param index="1">
              <value>
                <![CDATA[CHALLA]]>
              </value>
            </param>
            <param index="2">
              <value>
                <![CDATA[NAIDUPCNN119@GMAIL.COM]]>
              </value>
            </param>
            <param index="3">
              <value>
                <![CDATA[8121950273]]>
              </value>
            </param>
            <param index="4">
              <value>
                <![CDATA[GUNTUR]]>
              </value>
            </param>
            <param index="5">
              <value>
                <![CDATA[SATTENAPALLI]]>
              </value>
            </param>
            <param index="6">
              <value>
                <![CDATA[522403]]>
              </value>
            </param>
          </params>
          <reporter-output>
          </reporter-output>
        </test-method> <!-- ShippinDetails -->
      </class> <!-- com.atp.testcases.TC_005_ShippingAddress -->
      <class name="com.atp.testcases.TC_001_Shop_verify">
        <test-method status="PASS" signature="setUp()[pri:0, instance:com.atp.testcases.TC_001_Shop_verify@3cbbc1e0]" name="setUp" is-config="true" duration-ms="20566" started-at="2019-09-30T14:37:55Z" finished-at="2019-09-30T14:38:15Z">
          <reporter-output>
          </reporter-output>
        </test-method> <!-- setUp -->
        <test-method status="PASS" signature="Title_Verification()[pri:1, instance:com.atp.testcases.TC_001_Shop_verify@3cbbc1e0]" name="Title_Verification" duration-ms="3510" started-at="2019-09-30T14:38:16Z" finished-at="2019-09-30T14:38:19Z">
          <reporter-output>
          </reporter-output>
        </test-method> <!-- Title_Verification -->
        <test-method status="PASS" signature="count_slides()[pri:2, instance:com.atp.testcases.TC_001_Shop_verify@3cbbc1e0]" name="count_slides" duration-ms="3480" started-at="2019-09-30T14:38:19Z" finished-at="2019-09-30T14:38:23Z">
          <reporter-output>
          </reporter-output>
        </test-method> <!-- count_slides -->
        <test-method status="PASS" signature="tearDown()[pri:0, instance:com.atp.testcases.TC_001_Shop_verify@3cbbc1e0]" name="tearDown" is-config="true" duration-ms="1028" started-at="2019-09-30T14:39:05Z" finished-at="2019-09-30T14:39:06Z">
          <reporter-output>
          </reporter-output>
        </test-method> <!-- tearDown -->
      </class> <!-- com.atp.testcases.TC_001_Shop_verify -->
      <class name="com.atp.testcases.TC_002_Addtocart">
        <test-method status="PASS" signature="Additem()[pri:3, instance:com.atp.testcases.TC_002_Addtocart@35fb3008]" name="Additem" duration-ms="4054" started-at="2019-09-30T14:38:23Z" finished-at="2019-09-30T14:38:27Z">
          <reporter-output>
          </reporter-output>
        </test-method> <!-- Additem -->
        <test-method status="PASS" signature="Addbasket()[pri:4, instance:com.atp.testcases.TC_002_Addtocart@35fb3008]" name="Addbasket" duration-ms="2657" started-at="2019-09-30T14:38:27Z" finished-at="2019-09-30T14:38:29Z">
          <reporter-output>
          </reporter-output>
        </test-method> <!-- Addbasket -->
        <test-method status="PASS" signature="imageclick()[pri:5, instance:com.atp.testcases.TC_002_Addtocart@35fb3008]" name="imageclick" duration-ms="99" started-at="2019-09-30T14:38:29Z" finished-at="2019-09-30T14:38:30Z">
          <reporter-output>
          </reporter-output>
        </test-method> <!-- imageclick -->
        <test-method status="PASS" signature="popup()[pri:6, instance:com.atp.testcases.TC_002_Addtocart@35fb3008]" name="popup" duration-ms="10189" started-at="2019-09-30T14:38:30Z" finished-at="2019-09-30T14:38:40Z">
          <reporter-output>
          </reporter-output>
        </test-method> <!-- popup -->
      </class> <!-- com.atp.testcases.TC_002_Addtocart -->
    </test> <!-- automationpractise test -->
  </suite> <!-- Automationpractise -->
</testng-results>
