<?xml version="1.0" encoding="UTF-8"?>
<!-- Generated by org.testng.reporters.JUnitXMLReporter -->
<testsuite hostname="MININT-1TH8HFR" ignored="8" name="automationpractise test" tests="9" failures="0" timestamp="30 Sep 2019 09:09:04 GMT" time="48.923" errors="0">
  <testcase name="Title_Verification" time="3.51" classname="com.atp.testcases.TC_001_Shop_verify"/>
  <testcase name="count_slides" time="3.48" classname="com.atp.testcases.TC_001_Shop_verify"/>
  <testcase name="Additem" time="4.054" classname="com.atp.testcases.TC_002_Addtocart"/>
  <testcase name="Addbasket" time="2.657" classname="com.atp.testcases.TC_002_Addtocart"/>
  <testcase name="imageclick" time="0.099" classname="com.atp.testcases.TC_002_Addtocart"/>
  <testcase name="popup" time="10.189" classname="com.atp.testcases.TC_002_Addtocart"/>
  <testcase name="Basket" time="13.298" classname="com.atp.testcases.TC_003_ViewBasket"/>
  <testcase name="checkoutpage" time="2.867" classname="com.atp.testcases.TC_004_Checkout"/>
  <testcase name="ShippinDetails" time="8.03" classname="com.atp.testcases.TC_005_ShippingAddress"/>
  <testcase name="@BeforeSuite setUp" time="0.0" classname="com.atp.testcases.BaseClass">
    <ignored/>
  </testcase> <!-- @BeforeSuite setUp -->
  <testcase name="@BeforeSuite setUp" time="0.0" classname="com.atp.testcases.BaseClass">
    <ignored/>
  </testcase> <!-- @BeforeSuite setUp -->
  <testcase name="@BeforeSuite setUp" time="0.0" classname="com.atp.testcases.BaseClass">
    <ignored/>
  </testcase> <!-- @BeforeSuite setUp -->
  <testcase name="@BeforeSuite setUp" time="0.0" classname="com.atp.testcases.BaseClass">
    <ignored/>
  </testcase> <!-- @BeforeSuite setUp -->
  <testcase name="@AfterSuite tearDown" time="0.0" classname="com.atp.testcases.BaseClass">
    <ignored/>
  </testcase> <!-- @AfterSuite tearDown -->
  <testcase name="@AfterSuite tearDown" time="0.0" classname="com.atp.testcases.BaseClass">
    <ignored/>
  </testcase> <!-- @AfterSuite tearDown -->
  <testcase name="@AfterSuite tearDown" time="0.0" classname="com.atp.testcases.BaseClass">
    <ignored/>
  </testcase> <!-- @AfterSuite tearDown -->
  <testcase name="@AfterSuite tearDown" time="0.0" classname="com.atp.testcases.BaseClass">
    <ignored/>
  </testcase> <!-- @AfterSuite tearDown -->
</testsuite> <!-- automationpractise test -->
