<?xml version="1.0" encoding="UTF-8"?>
<!-- Generated by org.testng.reporters.JUnitXMLReporter -->
<testsuite hostname="MININT-1TH8HFR" ignored="12" name="automationpractise test" tests="11" failures="0" timestamp="04 Oct 2019 07:50:20 GMT" time="57.659" errors="0">
  <testcase name="Title_Verification" time="3.227" classname="com.atp.testcases.TC_001_Shop_verify"/>
  <testcase name="count_slides" time="3.171" classname="com.atp.testcases.TC_001_Shop_verify"/>
  <testcase name="Additem" time="2.406" classname="com.atp.testcases.TC_002_Addtocart"/>
  <testcase name="Addbasket" time="1.937" classname="com.atp.testcases.TC_002_Addtocart"/>
  <testcase name="imageclick" time="0.075" classname="com.atp.testcases.TC_002_Addtocart"/>
  <testcase name="popup" time="10.143" classname="com.atp.testcases.TC_002_Addtocart"/>
  <testcase name="Basket" time="12.671" classname="com.atp.testcases.TC_003_ViewBasket"/>
  <testcase name="checkoutpage" time="2.99" classname="com.atp.testcases.TC_004_Checkout"/>
  <testcase name="ShippinDetails" time="7.951" classname="com.atp.testcases.TC_005_ShippingAddress"/>
  <testcase name="priceFilter" time="8.086" classname="com.atp.testcases.TC_006_FilterByPrice"/>
  <testcase name="productCat" time="4.405" classname="com.atp.testcases.TC_007_Productcat"/>
  <testcase name="@BeforeSuite setUp" time="0.0" classname="com.atp.testcases.BaseClass">
    <ignored/>
  </testcase> <!-- @BeforeSuite setUp -->
  <testcase name="@BeforeSuite setUp" time="0.0" classname="com.atp.testcases.BaseClass">
    <ignored/>
  </testcase> <!-- @BeforeSuite setUp -->
  <testcase name="@BeforeSuite setUp" time="0.0" classname="com.atp.testcases.BaseClass">
    <ignored/>
  </testcase> <!-- @BeforeSuite setUp -->
  <testcase name="@BeforeSuite setUp" time="0.0" classname="com.atp.testcases.BaseClass">
    <ignored/>
  </testcase> <!-- @BeforeSuite setUp -->
  <testcase name="@BeforeSuite setUp" time="0.0" classname="com.atp.testcases.BaseClass">
    <ignored/>
  </testcase> <!-- @BeforeSuite setUp -->
  <testcase name="@BeforeSuite setUp" time="0.0" classname="com.atp.testcases.BaseClass">
    <ignored/>
  </testcase> <!-- @BeforeSuite setUp -->
  <testcase name="@AfterSuite tearDown" time="0.0" classname="com.atp.testcases.BaseClass">
    <ignored/>
  </testcase> <!-- @AfterSuite tearDown -->
  <testcase name="@AfterSuite tearDown" time="0.0" classname="com.atp.testcases.BaseClass">
    <ignored/>
  </testcase> <!-- @AfterSuite tearDown -->
  <testcase name="@AfterSuite tearDown" time="0.0" classname="com.atp.testcases.BaseClass">
    <ignored/>
  </testcase> <!-- @AfterSuite tearDown -->
  <testcase name="@AfterSuite tearDown" time="0.0" classname="com.atp.testcases.BaseClass">
    <ignored/>
  </testcase> <!-- @AfterSuite tearDown -->
  <testcase name="@AfterSuite tearDown" time="0.0" classname="com.atp.testcases.BaseClass">
    <ignored/>
  </testcase> <!-- @AfterSuite tearDown -->
  <testcase name="@AfterSuite tearDown" time="0.0" classname="com.atp.testcases.BaseClass">
    <ignored/>
  </testcase> <!-- @AfterSuite tearDown -->
</testsuite> <!-- automationpractise test -->
